# JRE version: Java(TM) SE Runtime Environment (8.0_141-b15) (build 1.8.0_141-b15)
# Java VM: Java HotSpot(TM) 64-Bit Server VM (25.141-b15 mixed mode windows-amd64 compressed oops)
Heap:
 PSYoungGen      total 27648K, used 24721K [0x00000000d6000000, 0x00000000d7e80000, 0x0000000100000000)
  eden space 24064K, 90% used [0x00000000d6000000,0x00000000d7551700,0x00000000d7780000)
  from space 3584K, 80% used [0x00000000d7780000,0x00000000d7a53030,0x00000000d7b00000)
  to   space 3584K, 0% used [0x00000000d7b00000,0x00000000d7b00000,0x00000000d7e80000)
 ParOldGen       total 86016K, used 22577K [0x0000000082000000, 0x0000000087400000, 0x00000000d6000000)
  object space 86016K, 26% used [0x0000000082000000,0x000000008360c728,0x0000000087400000)
 Metaspace       used 14970K, capacity 15196K, committed 15488K, reserved 1062912K
  class space    used 1776K, capacity 1862K, committed 1920K, reserved 1048576K
GC Heap History (10 events):
Event: 36.241 GC heap before
{Heap before GC invocations=55 (full 0):
 PSYoungGen      total 27648K, used 25407K [0x00000000d6000000, 0x00000000d7e80000, 0x0000000100000000)
  eden space 24064K, 97% used [0x00000000d6000000,0x00000000d76d5c10,0x00000000d7780000)
  from space 3584K, 56% used [0x00000000d7b00000,0x00000000d7cfa020,0x00000000d7e80000)
  to   space 3584K, 0% used [0x00000000d7780000,0x00000000d7780000,0x00000000d7b00000)
 ParOldGen       total 86016K, used 20595K [0x0000000082000000, 0x0000000087400000, 0x00000000d6000000)
  object space 86016K, 23% used [0x0000000082000000,0x000000008341cf18,0x0000000087400000)
 Metaspace       used 14926K, capacity 15196K, committed 15488K, reserved 1062912K
  class space    used 1774K, capacity 1862K, committed 1920K, reserved 1048576K
Event: 36.242 GC heap after
Heap after GC invocations=55 (full 0):
 PSYoungGen      total 27648K, used 2892K [0x00000000d6000000, 0x00000000d7e80000, 0x0000000100000000)
  eden space 24064K, 0% used [0x00000000d6000000,0x00000000d6000000,0x00000000d7780000)
  from space 3584K, 80% used [0x00000000d7780000,0x00000000d7a53030,0x00000000d7b00000)
  to   space 3584K, 0% used [0x00000000d7b00000,0x00000000d7b00000,0x00000000d7e80000)
 ParOldGen       total 86016K, used 21511K [0x0000000082000000, 0x0000000087400000, 0x00000000d6000000)
  object space 86016K, 25% used [0x0000000082000000,0x0000000083501f38,0x0000000087400000)
 Metaspace       used 14926K, capacity 15196K, committed 15488K, reserved 1062912K
  class space    used 1774K, capacity 1862K, committed 1920K, reserved 1048576K
}
Event: 36.752 GC heap before
{Heap before GC invocations=56 (full 0):
 PSYoungGen      total 27648K, used 26956K [0x00000000d6000000, 0x00000000d7e80000, 0x0000000100000000)
  eden space 24064K, 100% used [0x00000000d6000000,0x00000000d7780000,0x00000000d7780000)
  from space 3584K, 80% used [0x00000000d7780000,0x00000000d7a53030,0x00000000d7b00000)
  to   space 3584K, 0% used [0x00000000d7b00000,0x00000000d7b00000,0x00000000d7e80000)
 ParOldGen       total 86016K, used 21511K [0x0000000082000000, 0x0000000087400000, 0x00000000d6000000)
  object space 86016K, 25% used [0x0000000082000000,0x0000000083501f38,0x0000000087400000)
 Metaspace       used 14933K, capacity 15196K, committed 15488K, reserved 1062912K
  class space    used 1774K, capacity 1862K, committed 1920K, reserved 1048576K
Event: 36.752 GC heap after
Heap after GC invocations=56 (full 0):
 PSYoungGen      total 27648K, used 3020K [0x00000000d6000000, 0x00000000d7e80000, 0x0000000100000000)
  eden space 24064K, 0% used [0x00000000d6000000,0x00000000d6000000,0x00000000d7780000)
  from space 3584K, 84% used [0x00000000d7b00000,0x00000000d7df3040,0x00000000d7e80000)
  to   space 3584K, 0% used [0x00000000d7780000,0x00000000d7780000,0x00000000d7b00000)
 ParOldGen       total 86016K, used 21519K [0x0000000082000000, 0x0000000087400000, 0x00000000d6000000)
  object space 86016K, 25% used [0x0000000082000000,0x0000000083503f38,0x0000000087400000)
 Metaspace       used 14933K, capacity 15196K, committed 15488K, reserved 1062912K
  class space    used 1774K, capacity 1862K, committed 1920K, reserved 1048576K
}
Event: 37.282 GC heap before
{Heap before GC invocations=57 (full 0):
 PSYoungGen      total 27648K, used 27084K [0x00000000d6000000, 0x00000000d7e80000, 0x0000000100000000)
  eden space 24064K, 100% used [0x00000000d6000000,0x00000000d7780000,0x00000000d7780000)
  from space 3584K, 84% used [0x00000000d7b00000,0x00000000d7df3040,0x00000000d7e80000)
  to   space 3584K, 0% used [0x00000000d7780000,0x00000000d7780000,0x00000000d7b00000)
 ParOldGen       total 86016K, used 21519K [0x0000000082000000, 0x0000000087400000, 0x00000000d6000000)
  object space 86016K, 25% used [0x0000000082000000,0x0000000083503f38,0x0000000087400000)
 Metaspace       used 14953K, capacity 15196K, committed 15488K, reserved 1062912K
  class space    used 1774K, capacity 1862K, committed 1920K, reserved 1048576K
Event: 37.283 GC heap after
Heap after GC invocations=57 (full 0):
 PSYoungGen      total 27648K, used 2924K [0x00000000d6000000, 0x00000000d7e80000, 0x0000000100000000)
  eden space 24064K, 0% used [0x00000000d6000000,0x00000000d6000000,0x00000000d7780000)
  from space 3584K, 81% used [0x00000000d7780000,0x00000000d7a5b030,0x00000000d7b00000)
  to   space 3584K, 0% used [0x00000000d7b00000,0x00000000d7b00000,0x00000000d7e80000)
 ParOldGen       total 86016K, used 21589K [0x0000000082000000, 0x0000000087400000, 0x00000000d6000000)
  object space 86016K, 25% used [0x0000000082000000,0x00000000835155f8,0x0000000087400000)
 Metaspace       used 14953K, capacity 15196K, committed 15488K, reserved 1062912K
  class space    used 1774K, capacity 1862K, committed 1920K, reserved 1048576K
}
Event: 37.793 GC heap before
{Heap before GC invocations=58 (full 0):
 PSYoungGen      total 27648K, used 26771K [0x00000000d6000000, 0x00000000d7e80000, 0x0000000100000000)
  eden space 24064K, 99% used [0x00000000d6000000,0x00000000d7749d98,0x00000000d7780000)
  from space 3584K, 81% used [0x00000000d7780000,0x00000000d7a5b030,0x00000000d7b00000)
  to   space 3584K, 0% used [0x00000000d7b00000,0x00000000d7b00000,0x00000000d7e80000)
 ParOldGen       total 86016K, used 21589K [0x0000000082000000, 0x0000000087400000, 0x00000000d6000000)
  object space 86016K, 25% used [0x0000000082000000,0x00000000835155f8,0x0000000087400000)
 Metaspace       used 14958K, capacity 15196K, committed 15488K, reserved 1062912K
  class space    used 1774K, capacity 1862K, committed 1920K, reserved 1048576K
Event: 37.795 GC heap after
Heap after GC invocations=58 (full 0):
 PSYoungGen      total 27648K, used 2892K [0x00000000d6000000, 0x00000000d7e80000, 0x0000000100000000)
  eden space 24064K, 0% used [0x00000000d6000000,0x00000000d6000000,0x00000000d7780000)
  from space 3584K, 80% used [0x00000000d7b00000,0x00000000d7dd3030,0x00000000d7e80000)
  to   space 3584K, 0% used [0x00000000d7780000,0x00000000d7780000,0x00000000d7b00000)
 ParOldGen       total 86016K, used 22540K [0x0000000082000000, 0x0000000087400000, 0x00000000d6000000)
  object space 86016K, 26% used [0x0000000082000000,0x0000000083603178,0x0000000087400000)
 Metaspace       used 14958K, capacity 15196K, committed 15488K, reserved 1062912K
  class space    used 1774K, capacity 1862K, committed 1920K, reserved 1048576K
}
Event: 38.278 GC heap before
{Heap before GC invocations=59 (full 0):
 PSYoungGen      total 27648K, used 26956K [0x00000000d6000000, 0x00000000d7e80000, 0x0000000100000000)
  eden space 24064K, 100% used [0x00000000d6000000,0x00000000d7780000,0x00000000d7780000)
  from space 3584K, 80% used [0x00000000d7b00000,0x00000000d7dd3030,0x00000000d7e80000)
  to   space 3584K, 0% used [0x00000000d7780000,0x00000000d7780000,0x00000000d7b00000)
 ParOldGen       total 86016K, used 22540K [0x0000000082000000, 0x0000000087400000, 0x00000000d6000000)
  object space 86016K, 26% used [0x0000000082000000,0x0000000083603178,0x0000000087400000)
 Metaspace       used 14958K, capacity 15196K, committed 15488K, reserved 1062912K
  class space    used 1774K, capacity 1862K, committed 1920K, reserved 1048576K
Event: 38.279 GC heap after
Heap after GC invocations=59 (full 0):
 PSYoungGen      total 27648K, used 2892K [0x00000000d6000000, 0x00000000d7e80000, 0x0000000100000000)
  eden space 24064K, 0% used [0x00000000d6000000,0x00000000d6000000,0x00000000d7780000)
  from space 3584K, 80% used [0x00000000d7780000,0x00000000d7a53030,0x00000000d7b00000)
  to   space 3584K, 0% used [0x00000000d7b00000,0x00000000d7b00000,0x00000000d7e80000)
 ParOldGen       total 86016K, used 22577K [0x0000000082000000, 0x0000000087400000, 0x00000000d6000000)
  object space 86016K, 26% used [0x0000000082000000,0x000000008360c728,0x0000000087400000)
 Metaspace       used 14958K, capacity 15196K, committed 15488K, reserved 1062912K
  class space    used 1774K, capacity 1862K, committed 1920K, reserved 1048576K
}

